<?xml version="1.0" encoding="UTF-8"?>
<!-- Generated by org.testng.reporters.JUnitReportReporter -->
<testsuite hostname="LAPTOP-ONC93O7N" failures="0" tests="2" name="Academy.Homepage" time="32.199" errors="0" timestamp="2021-10-25T18:50:02 IST" skipped="0">
  <testcase classname="Academy.Homepage" name="basepagenavigation" time="14.411"/>
  <system-out/>
  <testcase classname="Academy.Homepage" name="basepagenavigation" time="17.788"/>
  <system-out/>
</testsuite> <!-- Academy.Homepage -->
